Esto tardó 0.1863856315612793 segundos
Variables ajustadas para preguntas: House impeachment decision vs Helpful-Harmful if Pres didnt have to worry about Congress
Variables óptimas distribución sin centro: [-0.31944964  0.59755224]
Variables óptimas distribución sin cruz: [-0.11629308  0.58073752]
Variables ajustadas para preguntas: Wall on border with Mexico vs House impeachment decision
Variables óptimas distribución sin centro: [-152.89029541 -927.40048981]
Variables óptimas distribución sin cruz: [-125.10768738 -497.45571899]
Variables ajustadas para preguntas: Background checks for guns purchases vs Economic Mobility compared to 20 years ago
Variables óptimas distribución sin centro: [-0.17314452  0.40799113]
Variables óptimas distribución sin cruz: [-0.10778035  0.21051482]
Variables ajustadas para preguntas: Background checks for guns purchases vs Government action about opiod drug addiction
Variables óptimas distribución sin centro: [-145.67826691    2.22100067]
Variables óptimas distribución sin cruz: [  31.31369416 -191.03700805]
Variables ajustadas para preguntas: Separating children from detained immigrants vs Environment-Business Tradeoff
Variables óptimas distribución sin centro: [  1.25314784 -20.90457681]
Variables óptimas distribución sin cruz: [ -0.39817266 -76.86221482]
Variables ajustadas para preguntas: Separating children from detained immigrants vs Providing path to citizenship
Variables óptimas distribución sin centro: [-0.16898912  0.50055674]
Variables óptimas distribución sin cruz: [-0.06549325  0.36458257]
Esto tardó 8496.906438350677 segundos
